<?xml version="1.0" encoding="UTF-8"?>
<testng-results ignored="0" total="1" passed="1" failed="0" skipped="0">
  <reporter-output>
  </reporter-output>
  <suite started-at="2023-02-04T15:11:55 AEDT" name="Default suite" finished-at="2023-02-04T15:12:21 AEDT" duration-ms="25490">
    <groups>
    </groups>
    <test started-at="2023-02-04T15:11:55 AEDT" name="Default test" finished-at="2023-02-04T15:12:21 AEDT" duration-ms="25490">
      <class name="com.simplilearn.AppiumDemo.ZoomOutDemo">
        <test-method is-config="true" signature="launchApp()[pri:0, instance:com.simplilearn.AppiumDemo.ZoomOutDemo@6404f418]" started-at="2023-02-04T15:11:55 AEDT" name="launchApp" finished-at="2023-02-04T15:12:11 AEDT" duration-ms="16181" status="PASS">
          <reporter-output>
          </reporter-output>
        </test-method> <!-- launchApp -->
        <test-method signature="ZoomOut()[pri:0, instance:com.simplilearn.AppiumDemo.ZoomOutDemo@6404f418]" started-at="2023-02-04T15:12:11 AEDT" name="ZoomOut" finished-at="2023-02-04T15:12:21 AEDT" duration-ms="9265" status="PASS">
          <reporter-output>
          </reporter-output>
        </test-method> <!-- ZoomOut -->
      </class> <!-- com.simplilearn.AppiumDemo.ZoomOutDemo -->
    </test> <!-- Default test -->
  </suite> <!-- Default suite -->
</testng-results>
